  stdafx.cpp
  RunPEinMemory.cpp
D:\red\DLL Injection\RunPE-In-Memory\RunPE-In-Memory\RunPEinMemory\fixIAT.hpp(83,24): warning C4477: 'printf' : format string '%x' requires an argument of type 'unsigned int', but variadic argument 1 has type 'ULONGLONG'
D:\red\DLL Injection\RunPE-In-Memory\RunPE-In-Memory\RunPEinMemory\fixIAT.hpp(83,24): message : consider using '%llx' in the format string
D:\red\DLL Injection\RunPE-In-Memory\RunPE-In-Memory\RunPEinMemory\fixIAT.hpp(83,24): message : consider using '%Ix' in the format string
D:\red\DLL Injection\RunPE-In-Memory\RunPE-In-Memory\RunPEinMemory\fixIAT.hpp(83,24): message : consider using '%I64x' in the format string
D:\red\DLL Injection\RunPE-In-Memory\RunPE-In-Memory\RunPEinMemory\fixIAT.hpp(83,24): warning C4477: 'printf' : format string '%x' requires an argument of type 'unsigned int', but variadic argument 2 has type 'size_t'
D:\red\DLL Injection\RunPE-In-Memory\RunPE-In-Memory\RunPEinMemory\fixIAT.hpp(83,24): message : consider using '%zx' in the format string
D:\red\DLL Injection\RunPE-In-Memory\RunPE-In-Memory\RunPEinMemory\fixIAT.hpp(95,12): warning C4477: 'printf' : format string '%x' requires an argument of type 'unsigned int', but variadic argument 2 has type 'size_t'
D:\red\DLL Injection\RunPE-In-Memory\RunPE-In-Memory\RunPEinMemory\fixIAT.hpp(95,12): message : consider using '%zx' in the format string
D:\red\DLL Injection\RunPE-In-Memory\RunPE-In-Memory\RunPEinMemory\fixReloc.hpp(41,12): warning C4477: 'printf' : format string '%lx' requires an argument of type 'unsigned long', but variadic argument 1 has type 'size_t'
D:\red\DLL Injection\RunPE-In-Memory\RunPE-In-Memory\RunPEinMemory\fixReloc.hpp(41,12): message : consider using '%zx' in the format string
D:\red\DLL Injection\RunPE-In-Memory\RunPE-In-Memory\RunPEinMemory\fixReloc.hpp(46,11): warning C4477: 'printf' : format string '%x' requires an argument of type 'unsigned int', but variadic argument 1 has type 'size_t *'
D:\red\DLL Injection\RunPE-In-Memory\RunPE-In-Memory\RunPEinMemory\fixReloc.hpp(46,11): warning C4313: 'printf': '%x' in format string conflicts with argument 1 of type 'size_t *'
D:\red\DLL Injection\RunPE-In-Memory\RunPE-In-Memory\RunPEinMemory\RunPEinMemory.cpp(22,9): warning C4477: 'printf' : format string '%x' requires an argument of type 'unsigned int', but variadic argument 1 has type 'LPVOID'
D:\red\DLL Injection\RunPE-In-Memory\RunPE-In-Memory\RunPEinMemory\RunPEinMemory.cpp(22,9): warning C4313: 'printf': '%x' in format string conflicts with argument 1 of type 'LPVOID'
D:\red\DLL Injection\RunPE-In-Memory\RunPE-In-Memory\RunPEinMemory\RunPEinMemory.cpp(30,10): warning C4477: 'printf' : format string '%x' requires an argument of type 'unsigned int', but variadic argument 1 has type 'LPVOID'
D:\red\DLL Injection\RunPE-In-Memory\RunPE-In-Memory\RunPEinMemory\RunPEinMemory.cpp(30,10): warning C4313: 'printf': '%x' in format string conflicts with argument 1 of type 'LPVOID'
C:\Program Files\Microsoft Visual Studio\2022\Enterprise\VC\Tools\MSVC\14.33.31629\include\xstring(2824,53): warning C4244: 'argument': conversion from 'wchar_t' to 'const _Elem', possible loss of data
          with
          [
              _Elem=char
          ]
C:\Program Files\Microsoft Visual Studio\2022\Enterprise\VC\Tools\MSVC\14.33.31629\include\xstring(2664): message : see reference to function template instantiation 'void std::basic_string<char,std::char_traits<char>,std::allocator<char>>::_Construct_from_iter<wchar_t*>(_Iter,const _Iter)' being compiled
          with
          [
              _Iter=wchar_t *
          ]
C:\Program Files\Microsoft Visual Studio\2022\Enterprise\VC\Tools\MSVC\14.33.31629\include\xstring(2664): message : see reference to function template instantiation 'void std::basic_string<char,std::char_traits<char>,std::allocator<char>>::_Construct_from_iter<wchar_t*>(_Iter,const _Iter)' being compiled
          with
          [
              _Iter=wchar_t *
          ]
D:\red\DLL Injection\RunPE-In-Memory\RunPE-In-Memory\RunPEinMemory\fixIAT.hpp(32): message : see reference to function template instantiation 'std::basic_string<char,std::char_traits<char>,std::allocator<char>>::basic_string<std::_String_iterator<std::_String_val<std::_Simple_types<_Elem>>>,0>(_Iter,_Iter,const _Alloc &)' being compiled
          with
          [
              _Elem=wchar_t,
              _Iter=std::_String_iterator<std::_String_val<std::_Simple_types<wchar_t>>>,
              _Alloc=std::allocator<char>
          ]
D:\red\DLL Injection\RunPE-In-Memory\RunPE-In-Memory\RunPEinMemory\fixIAT.hpp(32): message : see reference to function template instantiation 'std::basic_string<char,std::char_traits<char>,std::allocator<char>>::basic_string<std::_String_iterator<std::_String_val<std::_Simple_types<_Elem>>>,0>(_Iter,_Iter,const _Alloc &)' being compiled
          with
          [
              _Elem=wchar_t,
              _Iter=std::_String_iterator<std::_String_val<std::_Simple_types<wchar_t>>>,
              _Alloc=std::allocator<char>
          ]
  Generating code
D:\red\DLL Injection\RunPE-In-Memory\RunPE-In-Memory\RunPEinMemory\RunPEinMemory.cpp(72): warning C4715: 'peLoader': not all control paths return a value
  127 of 131 functions (96.9%) were compiled, the rest were copied from previous compilation.
    0 functions were new in current compilation
    1 functions had inline decision re-evaluated but remain unchanged
  Finished generating code
  RunPEinMemory.vcxproj -> D:\red\DLL Injection\RunPE-In-Memory\RunPE-In-Memory\x64\Release\RunPEinMemory.exe
